Started GET "/" for ::1 at 2023-08-29 16:19:56 -0700
Processing by Rails::WelcomeController#index as HTML
  Rendering /Users/monicabrown/.rbenv/versions/3.2.2/lib/ruby/gems/3.2.0/gems/railties-7.0.7.2/lib/rails/templates/rails/welcome/index.html.erb
  Rendered /Users/monicabrown/.rbenv/versions/3.2.2/lib/ruby/gems/3.2.0/gems/railties-7.0.7.2/lib/rails/templates/rails/welcome/index.html.erb (Duration: 1.1ms | Allocations: 633)
Completed 200 OK in 16ms (Views: 4.3ms | ActiveRecord: 0.0ms | Allocations: 7366)


Started GET "/" for ::1 at 2023-08-29 16:29:58 -0700
  
ActionController::RoutingError (uninitialized constant GardenController):
  
Started GET "/" for ::1 at 2023-08-29 16:31:34 -0700
Processing by GardenController#index as HTML
  Rendering layout layouts/application.html.erb
  Rendering garden/index.html.erb within layouts/application
  Rendered garden/index.html.erb within layouts/application (Duration: 0.8ms | Allocations: 293)
  Rendered layout layouts/application.html.erb (Duration: 462.0ms | Allocations: 90568)
Completed 200 OK in 469ms (Views: 463.9ms | ActiveRecord: 0.0ms | Allocations: 94476)


Started GET "/" for ::1 at 2023-08-29 16:35:45 -0700
Processing by GardenController#index as HTML
  Rendering layout layouts/application.html.erb
  Rendering garden/index.html.erb within layouts/application
  Rendered garden/index.html.erb within layouts/application (Duration: 0.8ms | Allocations: 293)
  Rendered layout layouts/application.html.erb (Duration: 42.9ms | Allocations: 34273)
Completed 200 OK in 50ms (Views: 44.6ms | ActiveRecord: 0.0ms | Allocations: 38182)


